
CPPTRAJ: Trajectory Analysis. V4.14.0 (AmberTools V19.00)
    ___  ___  ___  ___
     | \/ | \/ | \/ | 
    _|_/\_|_/\_|_/\_|_

| Date/time: 04/27/25 21:38:35
| Available memory: 777.438 GB

INPUT: Reading input from '/drive/testuser/outputs_pentapeptide/Cycle5/combine.in'
  [parm /drive/testuser/inputs_pentapeptide/em_nowat.pdb]
	Reading '/drive/testuser/inputs_pentapeptide/em_nowat.pdb' as PDB File
	Reading bond info from CONECT records.
	Not reading bond info from LINK records.
	Determining bond info from distances.
Warning: em_nowat.pdb: Determining default bond distances from element types.
  [trajin /drive/testuser/outputs_pentapeptide/Cycle4/all_traj.xtc]
	Reading '/drive/testuser/outputs_pentapeptide/Cycle4/all_traj.xtc' as Gromacs XTC
Warning: Trajectory box type is 'Orthogonal' but topology box type is 'None'.
Warning: Setting topology box information from trajectory.
  [trajin /drive/testuser/outputs_pentapeptide/Cycle5/Run1/md_nowat_wh_nojump.xtc]
	Reading '/drive/testuser/outputs_pentapeptide/Cycle5/Run1/md_nowat_wh_nojump.xtc' as Gromacs XTC
  [trajin /drive/testuser/outputs_pentapeptide/Cycle5/Run2/md_nowat_wh_nojump.xtc]
	Reading '/drive/testuser/outputs_pentapeptide/Cycle5/Run2/md_nowat_wh_nojump.xtc' as Gromacs XTC
  [trajin /drive/testuser/outputs_pentapeptide/Cycle5/Run3/md_nowat_wh_nojump.xtc]
	Reading '/drive/testuser/outputs_pentapeptide/Cycle5/Run3/md_nowat_wh_nojump.xtc' as Gromacs XTC
  [trajin /drive/testuser/outputs_pentapeptide/Cycle5/Run4/md_nowat_wh_nojump.xtc]
	Reading '/drive/testuser/outputs_pentapeptide/Cycle5/Run4/md_nowat_wh_nojump.xtc' as Gromacs XTC
  [trajin /drive/testuser/outputs_pentapeptide/Cycle5/Run5/md_nowat_wh_nojump.xtc]
	Reading '/drive/testuser/outputs_pentapeptide/Cycle5/Run5/md_nowat_wh_nojump.xtc' as Gromacs XTC
  [reference /drive/testuser/inputs_pentapeptide/em_nowat.pdb]
	Reading '/drive/testuser/inputs_pentapeptide/em_nowat.pdb' as PDB
	Read CRYST1 info from PDB: a=38.429 b=38.429 c=38.429 alpha=90 beta=90 gamma=90
	Read CRYST1 info from PDB: a=38.429 b=38.429 c=38.429 alpha=90 beta=90 gamma=90
	Setting active reference for distance-based masks: 'em_nowat.pdb'
  [rms reference]
    RMSD: (*), reference is "em_nowat.pdb:1" (*).
	Best-fit RMSD will be calculated, coords will be rotated and translated.
  [trajout /drive/testuser/outputs_pentapeptide/Cycle5/all_traj.xtc XTC]
	Writing '/drive/testuser/outputs_pentapeptide/Cycle5/all_traj.xtc' as Gromacs XTC
  [go]
---------- RUN BEGIN -------------------------------------------------

PARAMETER FILES (1 total):
 0: em_nowat.pdb, 94 atoms, 5 res, box: Orthogonal, 1 mol

INPUT TRAJECTORIES (6 total):
 0: 'all_traj.xtc' is a GROMACS XTC file, Parm em_nowat.pdb (Orthogonal box) (reading 8020 of 8020)
 1: 'md_nowat_wh_nojump.xtc' is a GROMACS XTC file, Parm em_nowat.pdb (Orthogonal box) (reading 401 of 401)
 2: 'md_nowat_wh_nojump.xtc' is a GROMACS XTC file, Parm em_nowat.pdb (Orthogonal box) (reading 401 of 401)
 3: 'md_nowat_wh_nojump.xtc' is a GROMACS XTC file, Parm em_nowat.pdb (Orthogonal box) (reading 401 of 401)
 4: 'md_nowat_wh_nojump.xtc' is a GROMACS XTC file, Parm em_nowat.pdb (Orthogonal box) (reading 401 of 401)
 5: 'md_nowat_wh_nojump.xtc' is a GROMACS XTC file, Parm em_nowat.pdb (Orthogonal box) (reading 401 of 401)
  Coordinate processing will occur on 10025 frames.

REFERENCE FRAMES (1 total):
    0: em_nowat.pdb:1
	Active reference frame for distance-based masks is 'em_nowat.pdb:1'

OUTPUT TRAJECTORIES (1 total):
  'all_traj.xtc' (10025 frames) is a GROMACS XTC file

BEGIN TRAJECTORY PROCESSING:
.....................................................
ACTION SETUP FOR PARM 'em_nowat.pdb' (1 actions):
  0: [rms reference]
	Target mask: [*](94)
	Reference mask: [*](94)
Warning: Coordinates are being rotated and box coordinates are present.
Warning: Unit cell vectors are NOT rotated; imaging will not be possible
Warning:  after the RMS-fit is performed.
.....................................................
ACTIVE OUTPUT TRAJECTORIES (1):
  /drive/testuser/outputs_pentapeptide/Cycle5/all_traj.xtc (coordinates, time, box)
----- all_traj.xtc (1-8020, 1) -----
 0% 10% 20% 30% 40% 50% 60% 70% 
----- md_nowat_wh_nojump.xtc (1-401, 1) -----
80% 
----- md_nowat_wh_nojump.xtc (1-401, 1) -----

----- md_nowat_wh_nojump.xtc (1-401, 1) -----
90% 
----- md_nowat_wh_nojump.xtc (1-401, 1) -----

----- md_nowat_wh_nojump.xtc (1-401, 1) -----
100% Complete.

Read 10025 frames and processed 10025 frames.
TIME: Avg. throughput= 66317.8228 frames / second.

ACTION OUTPUT:
TIME: Analyses took 0.0000 seconds.

DATASETS (1 total):
	RMSD_00002 "RMSD_00002" (double, rms), size is 10025 (80.200 kB)
    Total data set memory usage is at least 80.200 kB

RUN TIMING:
TIME:		Init               : 0.0000 s (  0.01%)
TIME:		Trajectory Process : 0.1512 s ( 78.91%)
TIME:		Action Post        : 0.0000 s (  0.00%)
TIME:		Analysis           : 0.0000 s (  0.00%)
TIME:		Data File Write    : 0.0000 s (  0.02%)
TIME:		Other              : 0.0404 s (  0.21%)
TIME:	Run Total 0.1916 s
---------- RUN END ---------------------------------------------------
TIME: Total execution time: 0.2915 seconds.
--------------------------------------------------------------------------------
To cite CPPTRAJ use:
Daniel R. Roe and Thomas E. Cheatham, III, "PTRAJ and CPPTRAJ: Software for
  Processing and Analysis of Molecular Dynamics Trajectory Data". J. Chem.
  Theory Comput., 2013, 9 (7), pp 3084-3095.

