
CPPTRAJ: Trajectory Analysis. V4.14.0 (AmberTools V19.00)
    ___  ___  ___  ___
     | \/ | \/ | \/ | 
    _|_/\_|_/\_|_/\_|_

| Date/time: 04/27/25 20:36:17
| Available memory: 777.417 GB

INPUT: Reading input from '/drive/testuser/outputs_pentapeptide/Cycle1/combine.in'
  [parm /drive/testuser/inputs_pentapeptide/em_nowat.pdb]
	Reading '/drive/testuser/inputs_pentapeptide/em_nowat.pdb' as PDB File
	Reading bond info from CONECT records.
	Not reading bond info from LINK records.
	Determining bond info from distances.
Warning: em_nowat.pdb: Determining default bond distances from element types.
  [trajin /drive/testuser/outputs_pentapeptide/Cycle1/Run1/md_nowat_wh_nojump.xtc]
	Reading '/drive/testuser/outputs_pentapeptide/Cycle1/Run1/md_nowat_wh_nojump.xtc' as Gromacs XTC
Warning: Trajectory box type is 'Orthogonal' but topology box type is 'None'.
Warning: Setting topology box information from trajectory.
  [trajin /drive/testuser/outputs_pentapeptide/Cycle1/Run2/md_nowat_wh_nojump.xtc]
	Reading '/drive/testuser/outputs_pentapeptide/Cycle1/Run2/md_nowat_wh_nojump.xtc' as Gromacs XTC
  [trajin /drive/testuser/outputs_pentapeptide/Cycle1/Run3/md_nowat_wh_nojump.xtc]
	Reading '/drive/testuser/outputs_pentapeptide/Cycle1/Run3/md_nowat_wh_nojump.xtc' as Gromacs XTC
  [trajin /drive/testuser/outputs_pentapeptide/Cycle1/Run4/md_nowat_wh_nojump.xtc]
	Reading '/drive/testuser/outputs_pentapeptide/Cycle1/Run4/md_nowat_wh_nojump.xtc' as Gromacs XTC
  [trajin /drive/testuser/outputs_pentapeptide/Cycle1/Run5/md_nowat_wh_nojump.xtc]
	Reading '/drive/testuser/outputs_pentapeptide/Cycle1/Run5/md_nowat_wh_nojump.xtc' as Gromacs XTC
  [reference /drive/testuser/inputs_pentapeptide/em_nowat.pdb]
	Reading '/drive/testuser/inputs_pentapeptide/em_nowat.pdb' as PDB
	Read CRYST1 info from PDB: a=38.429 b=38.429 c=38.429 alpha=90 beta=90 gamma=90
	Read CRYST1 info from PDB: a=38.429 b=38.429 c=38.429 alpha=90 beta=90 gamma=90
	Setting active reference for distance-based masks: 'em_nowat.pdb'
  [rms reference]
    RMSD: (*), reference is "em_nowat.pdb:1" (*).
	Best-fit RMSD will be calculated, coords will be rotated and translated.
  [trajout /drive/testuser/outputs_pentapeptide/Cycle1/all_traj.xtc XTC]
	Writing '/drive/testuser/outputs_pentapeptide/Cycle1/all_traj.xtc' as Gromacs XTC
  [go]
---------- RUN BEGIN -------------------------------------------------

PARAMETER FILES (1 total):
 0: em_nowat.pdb, 94 atoms, 5 res, box: Orthogonal, 1 mol

INPUT TRAJECTORIES (5 total):
 0: 'md_nowat_wh_nojump.xtc' is a GROMACS XTC file, Parm em_nowat.pdb (Orthogonal box) (reading 401 of 401)
 1: 'md_nowat_wh_nojump.xtc' is a GROMACS XTC file, Parm em_nowat.pdb (Orthogonal box) (reading 401 of 401)
 2: 'md_nowat_wh_nojump.xtc' is a GROMACS XTC file, Parm em_nowat.pdb (Orthogonal box) (reading 401 of 401)
 3: 'md_nowat_wh_nojump.xtc' is a GROMACS XTC file, Parm em_nowat.pdb (Orthogonal box) (reading 401 of 401)
 4: 'md_nowat_wh_nojump.xtc' is a GROMACS XTC file, Parm em_nowat.pdb (Orthogonal box) (reading 401 of 401)
  Coordinate processing will occur on 2005 frames.

REFERENCE FRAMES (1 total):
    0: em_nowat.pdb:1
	Active reference frame for distance-based masks is 'em_nowat.pdb:1'

OUTPUT TRAJECTORIES (1 total):
  'all_traj.xtc' (2005 frames) is a GROMACS XTC file

BEGIN TRAJECTORY PROCESSING:
.....................................................
ACTION SETUP FOR PARM 'em_nowat.pdb' (1 actions):
  0: [rms reference]
	Target mask: [*](94)
	Reference mask: [*](94)
Warning: Coordinates are being rotated and box coordinates are present.
Warning: Unit cell vectors are NOT rotated; imaging will not be possible
Warning:  after the RMS-fit is performed.
.....................................................
ACTIVE OUTPUT TRAJECTORIES (1):
  /drive/testuser/outputs_pentapeptide/Cycle1/all_traj.xtc (coordinates, time, box)
----- md_nowat_wh_nojump.xtc (1-401, 1) -----
 0% 10% 
----- md_nowat_wh_nojump.xtc (1-401, 1) -----
20% 30% 
----- md_nowat_wh_nojump.xtc (1-401, 1) -----
40% 50% 
----- md_nowat_wh_nojump.xtc (1-401, 1) -----
60% 70% 
----- md_nowat_wh_nojump.xtc (1-401, 1) -----
80% 90% 100% Complete.

Read 2005 frames and processed 2005 frames.
TIME: Avg. throughput= 42449.1351 frames / second.

ACTION OUTPUT:
TIME: Analyses took 0.0000 seconds.

DATASETS (1 total):
	RMSD_00002 "RMSD_00002" (double, rms), size is 2005 (16.040 kB)
    Total data set memory usage is at least 16.040 kB

RUN TIMING:
TIME:		Init               : 0.0000 s (  0.05%)
TIME:		Trajectory Process : 0.0472 s ( 75.69%)
TIME:		Action Post        : 0.0000 s (  0.00%)
TIME:		Analysis           : 0.0000 s (  0.00%)
TIME:		Data File Write    : 0.0000 s (  0.04%)
TIME:		Other              : 0.0151 s (  0.24%)
TIME:	Run Total 0.0624 s
---------- RUN END ---------------------------------------------------
TIME: Total execution time: 0.1449 seconds.
--------------------------------------------------------------------------------
To cite CPPTRAJ use:
Daniel R. Roe and Thomas E. Cheatham, III, "PTRAJ and CPPTRAJ: Software for
  Processing and Analysis of Molecular Dynamics Trajectory Data". J. Chem.
  Theory Comput., 2013, 9 (7), pp 3084-3095.

